(0000) 3000  0011000000000000 (   4)                 .ORIG x3000
(3000) 5020  0101000000100000 (   7)                 AND   R0 R0 #0
(3001) 5260  0101001001100000 (   8)                 AND   R1 R1 #0
(3002) 54A0  0101010010100000 (   9)                 AND   R2 R2 #0
(3003) 56E0  0101011011100000 (  10)                 AND   R3 R3 #0
(3004) 5920  0101100100100000 (  11)                 AND   R4 R4 #0
(3005) 5B60  0101101101100000 (  12)                 AND   R5 R5 #0
(3006) 5DA0  0101110110100000 (  13)                 AND   R6 R6 #0
(3007) 0053  0000000001010011 (  16) MESG1           .FILL x0053
(3008) 006F  0000000001101111 (  16)                 .FILL x006F
(3009) 0020  0000000000100000 (  16)                 .FILL x0020
(300A) 0063  0000000001100011 (  16)                 .FILL x0063
(300B) 0068  0000000001101000 (  16)                 .FILL x0068
(300C) 0075  0000000001110101 (  16)                 .FILL x0075
(300D) 0020  0000000000100000 (  16)                 .FILL x0020
(300E) 0073  0000000001110011 (  16)                 .FILL x0073
(300F) 006F  0000000001101111 (  16)                 .FILL x006F
(3010) 0020  0000000000100000 (  16)                 .FILL x0020
(3011) 004E  0000000001001110 (  16)                 .FILL x004E
(3012) 003C  0000000000111100 (  16)                 .FILL x003C
(3013) 0036  0000000000110110 (  16)                 .FILL x0036
(3014) 003A  0000000000111010 (  16)                 .FILL x003A
(3015) 0020  0000000000100000 (  16)                 .FILL x0020
(3016) 0000  0000000000000000 (  16)                 .FILL x0000
(3017) 000A  0000000000001010 (  17) MESG2           .FILL x000A
(3018) 0030  0000000000110000 (  17)                 .FILL x0030
(3019) 003C  0000000000111100 (  17)                 .FILL x003C
(301A) 004E  0000000001001110 (  17)                 .FILL x004E
(301B) 003C  0000000000111100 (  17)                 .FILL x003C
(301C) 0036  0000000000110110 (  17)                 .FILL x0036
(301D) 002C  0000000000101100 (  17)                 .FILL x002C
(301E) 0020  0000000000100000 (  17)                 .FILL x0020
(301F) 006E  0000000001101110 (  17)                 .FILL x006E
(3020) 0068  0000000001101000 (  17)                 .FILL x0068
(3021) 0061  0000000001100001 (  17)                 .FILL x0061
(3022) 0070  0000000001110000 (  17)                 .FILL x0070
(3023) 0020  0000000000100000 (  17)                 .FILL x0020
(3024) 006C  0000000001101100 (  17)                 .FILL x006C
(3025) 0061  0000000001100001 (  17)                 .FILL x0061
(3026) 0069  0000000001101001 (  17)                 .FILL x0069
(3027) 003A  0000000000111010 (  17)                 .FILL x003A
(3028) 0020  0000000000100000 (  17)                 .FILL x0020
(3029) 0000  0000000000000000 (  17)                 .FILL x0000
(302A) 000A  0000000000001010 (  18) MESG3           .FILL x000A
(302B) 004C  0000000001001100 (  18)                 .FILL x004C
(302C) 0075  0000000001110101 (  18)                 .FILL x0075
(302D) 0075  0000000001110101 (  18)                 .FILL x0075
(302E) 0020  0000000000100000 (  18)                 .FILL x0020
(302F) 0079  0000000001111001 (  18)                 .FILL x0079
(3030) 0020  0000000000100000 (  18)                 .FILL x0020
(3031) 0033  0000000000110011 (  18)                 .FILL x0033
(3032) 0020  0000000000100000 (  18)                 .FILL x0020
(3033) 0071  0000000001110001 (  18)                 .FILL x0071
(3034) 0075  0000000001110101 (  18)                 .FILL x0075
(3035) 0079  0000000001111001 (  18)                 .FILL x0079
(3036) 0020  0000000000100000 (  18)                 .FILL x0020
(3037) 0074  0000000001110100 (  18)                 .FILL x0074
(3038) 0061  0000000001100001 (  18)                 .FILL x0061
(3039) 0063  0000000001100011 (  18)                 .FILL x0063
(303A) 003A  0000000000111010 (  18)                 .FILL x003A
(303B) 0020  0000000000100000 (  18)                 .FILL x0020
(303C) 0000  0000000000000000 (  18)                 .FILL x0000
(303D) 000A  0000000000001010 (  19) MESG4           .FILL x000A
(303E) 0031  0000000000110001 (  19)                 .FILL x0031
(303F) 002E  0000000000101110 (  19)                 .FILL x002E
(3040) 0020  0000000000100000 (  19)                 .FILL x0020
(3041) 002D  0000000000101101 (  19)                 .FILL x002D
(3042) 0033  0000000000110011 (  19)                 .FILL x0033
(3043) 0032  0000000000110010 (  19)                 .FILL x0032
(3044) 0037  0000000000110111 (  19)                 .FILL x0037
(3045) 0036  0000000000110110 (  19)                 .FILL x0036
(3046) 0038  0000000000111000 (  19)                 .FILL x0038
(3047) 003C  0000000000111100 (  19)                 .FILL x003C
(3048) 003D  0000000000111101 (  19)                 .FILL x003D
(3049) 0058  0000000001011000 (  19)                 .FILL x0058
(304A) 003C  0000000000111100 (  19)                 .FILL x003C
(304B) 003D  0000000000111101 (  19)                 .FILL x003D
(304C) 0033  0000000000110011 (  19)                 .FILL x0033
(304D) 0032  0000000000110010 (  19)                 .FILL x0032
(304E) 0037  0000000000110111 (  19)                 .FILL x0037
(304F) 0036  0000000000110110 (  19)                 .FILL x0036
(3050) 0037  0000000000110111 (  19)                 .FILL x0037
(3051) 0020  0000000000100000 (  19)                 .FILL x0020
(3052) 0000  0000000000000000 (  19)                 .FILL x0000
(3053) 000A  0000000000001010 (  20) MESG5           .FILL x000A
(3054) 0032  0000000000110010 (  20)                 .FILL x0032
(3055) 002E  0000000000101110 (  20)                 .FILL x002E
(3056) 0020  0000000000100000 (  20)                 .FILL x0020
(3057) 0058  0000000001011000 (  20)                 .FILL x0058
(3058) 003E  0000000000111110 (  20)                 .FILL x003E
(3059) 0030  0000000000110000 (  20)                 .FILL x0030
(305A) 002C  0000000000101100 (  20)                 .FILL x002C
(305B) 0020  0000000000100000 (  20)                 .FILL x0020
(305C) 0068  0000000001101000 (  20)                 .FILL x0068
(305D) 0061  0000000001100001 (  20)                 .FILL x0061
(305E) 0079  0000000001111001 (  20)                 .FILL x0079
(305F) 0020  0000000000100000 (  20)                 .FILL x0020
(3060) 006E  0000000001101110 (  20)                 .FILL x006E
(3061) 0068  0000000001101000 (  20)                 .FILL x0068
(3062) 0061  0000000001100001 (  20)                 .FILL x0061
(3063) 0070  0000000001110000 (  20)                 .FILL x0070
(3064) 0020  0000000000100000 (  20)                 .FILL x0020
(3065) 0073  0000000001110011 (  20)                 .FILL x0073
(3066) 006F  0000000001101111 (  20)                 .FILL x006F
(3067) 0020  0000000000100000 (  20)                 .FILL x0020
(3068) 006E  0000000001101110 (  20)                 .FILL x006E
(3069) 0067  0000000001100111 (  20)                 .FILL x0067
(306A) 0075  0000000001110101 (  20)                 .FILL x0075
(306B) 0079  0000000001111001 (  20)                 .FILL x0079
(306C) 0065  0000000001100101 (  20)                 .FILL x0065
(306D) 006E  0000000001101110 (  20)                 .FILL x006E
(306E) 0020  0000000000100000 (  20)                 .FILL x0020
(306F) 0064  0000000001100100 (  20)                 .FILL x0064
(3070) 0075  0000000001110101 (  20)                 .FILL x0075
(3071) 006F  0000000001101111 (  20)                 .FILL x006F
(3072) 006E  0000000001101110 (  20)                 .FILL x006E
(3073) 0067  0000000001100111 (  20)                 .FILL x0067
(3074) 0020  0000000000100000 (  20)                 .FILL x0020
(3075) 006E  0000000001101110 (  20)                 .FILL x006E
(3076) 0068  0000000001101000 (  20)                 .FILL x0068
(3077) 006F  0000000001101111 (  20)                 .FILL x006F
(3078) 0020  0000000000100000 (  20)                 .FILL x0020
(3079) 0068  0000000001101000 (  20)                 .FILL x0068
(307A) 006F  0000000001101111 (  20)                 .FILL x006F
(307B) 006E  0000000001101110 (  20)                 .FILL x006E
(307C) 0020  0000000000100000 (  20)                 .FILL x0020
(307D) 0034  0000000000110100 (  20)                 .FILL x0034
(307E) 002E  0000000000101110 (  20)                 .FILL x002E
(307F) 0020  0000000000100000 (  20)                 .FILL x0020
(3080) 0000  0000000000000000 (  20)                 .FILL x0000
(3081) 000A  0000000000001010 (  21) MESG6           .FILL x000A
(3082) 0033  0000000000110011 (  21)                 .FILL x0033
(3083) 002E  0000000000101110 (  21)                 .FILL x002E
(3084) 0020  0000000000100000 (  21)                 .FILL x0020
(3085) 0058  0000000001011000 (  21)                 .FILL x0058
(3086) 003C  0000000000111100 (  21)                 .FILL x003C
(3087) 0030  0000000000110000 (  21)                 .FILL x0030
(3088) 002C  0000000000101100 (  21)                 .FILL x002C
(3089) 0020  0000000000100000 (  21)                 .FILL x0020
(308A) 0068  0000000001101000 (  21)                 .FILL x0068
(308B) 0061  0000000001100001 (  21)                 .FILL x0061
(308C) 0079  0000000001111001 (  21)                 .FILL x0079
(308D) 0020  0000000000100000 (  21)                 .FILL x0020
(308E) 006E  0000000001101110 (  21)                 .FILL x006E
(308F) 0068  0000000001101000 (  21)                 .FILL x0068
(3090) 0061  0000000001100001 (  21)                 .FILL x0061
(3091) 0070  0000000001110000 (  21)                 .FILL x0070
(3092) 0020  0000000000100000 (  21)                 .FILL x0020
(3093) 006B  0000000001101011 (  21)                 .FILL x006B
(3094) 0069  0000000001101001 (  21)                 .FILL x0069
(3095) 0020  0000000000100000 (  21)                 .FILL x0020
(3096) 0074  0000000001110100 (  21)                 .FILL x0074
(3097) 0075  0000000001110101 (  21)                 .FILL x0075
(3098) 0020  0000000000100000 (  21)                 .FILL x0020
(3099) 0064  0000000001100100 (  21)                 .FILL x0064
(309A) 0061  0000000001100001 (  21)                 .FILL x0061
(309B) 0075  0000000001110101 (  21)                 .FILL x0075
(309C) 0020  0000000000100000 (  21)                 .FILL x0020
(309D) 0074  0000000001110100 (  21)                 .FILL x0074
(309E) 0069  0000000001101001 (  21)                 .FILL x0069
(309F) 0065  0000000001100101 (  21)                 .FILL x0065
(30A0) 006E  0000000001101110 (  21)                 .FILL x006E
(30A1) 0020  0000000000100000 (  21)                 .FILL x0020
(30A2) 006C  0000000001101100 (  21)                 .FILL x006C
(30A3) 0061  0000000001100001 (  21)                 .FILL x0061
(30A4) 0020  0000000000100000 (  21)                 .FILL x0020
(30A5) 0064  0000000001100100 (  21)                 .FILL x0064
(30A6) 0061  0000000001100001 (  21)                 .FILL x0061
(30A7) 0075  0000000001110101 (  21)                 .FILL x0075
(30A8) 0020  0000000000100000 (  21)                 .FILL x0020
(30A9) 0027  0000000000100111 (  21)                 .FILL x0027
(30AA) 002D  0000000000101101 (  21)                 .FILL x002D
(30AB) 0027  0000000000100111 (  21)                 .FILL x0027
(30AC) 002E  0000000000101110 (  21)                 .FILL x002E
(30AD) 0020  0000000000100000 (  21)                 .FILL x0020
(30AE) 0000  0000000000000000 (  21)                 .FILL x0000
(30AF) 000A  0000000000001010 (  22) MESG7           .FILL x000A
(30B0) 0042  0000000001000010 (  22)                 .FILL x0042
(30B1) 0061  0000000001100001 (  22)                 .FILL x0061
(30B2) 0074  0000000001110100 (  22)                 .FILL x0074
(30B3) 0020  0000000000100000 (  22)                 .FILL x0020
(30B4) 0064  0000000001100100 (  22)                 .FILL x0064
(30B5) 0061  0000000001100001 (  22)                 .FILL x0061
(30B6) 0075  0000000001110101 (  22)                 .FILL x0075
(30B7) 0020  0000000000100000 (  22)                 .FILL x0020
(30B8) 006E  0000000001101110 (  22)                 .FILL x006E
(30B9) 0068  0000000001101000 (  22)                 .FILL x0068
(30BA) 0061  0000000001100001 (  22)                 .FILL x0061
(30BB) 0070  0000000001110000 (  22)                 .FILL x0070
(30BC) 003A  0000000000111010 (  22)                 .FILL x003A
(30BD) 0020  0000000000100000 (  22)                 .FILL x0020
(30BE) 0000  0000000000000000 (  22)                 .FILL x0000
(30BF) 000A  0000000000001010 (  23) MESG9           .FILL x000A
(30C0) 004B  0000000001001011 (  23)                 .FILL x004B
(30C1) 0068  0000000001101000 (  23)                 .FILL x0068
(30C2) 006F  0000000001101111 (  23)                 .FILL x006F
(30C3) 006E  0000000001101110 (  23)                 .FILL x006E
(30C4) 0067  0000000001100111 (  23)                 .FILL x0067
(30C5) 0020  0000000000100000 (  23)                 .FILL x0020
(30C6) 006E  0000000001101110 (  23)                 .FILL x006E
(30C7) 0068  0000000001101000 (  23)                 .FILL x0068
(30C8) 0061  0000000001100001 (  23)                 .FILL x0061
(30C9) 0070  0000000001110000 (  23)                 .FILL x0070
(30CA) 0020  0000000000100000 (  23)                 .FILL x0020
(30CB) 0030  0000000000110000 (  23)                 .FILL x0030
(30CC) 003A  0000000000111010 (  23)                 .FILL x003A
(30CD) 0020  0000000000100000 (  23)                 .FILL x0020
(30CE) 0000  0000000000000000 (  23)                 .FILL x0000
(30CF) 0000  0000000000000000 (  25) SoChuSo         .FILL x0000
(30D0) 0000  0000000000000000 (  26) ASCIIBUFF       .FILL x0000
(30D1) 0000  0000000000000000 (  26)                 .FILL x0000
(30D2) 0000  0000000000000000 (  26)                 .FILL x0000
(30D3) 0000  0000000000000000 (  26)                 .FILL x0000
(30D4) 0000  0000000000000000 (  26)                 .FILL x0000
(30D5) 0000  0000000000000000 (  27) DECIMALBUFF     .FILL x0000
(30D6) 0000  0000000000000000 (  27)                 .FILL x0000
(30D7) 0000  0000000000000000 (  27)                 .FILL x0000
(30D8) 0000  0000000000000000 (  27)                 .FILL x0000
(30D9) 0000  0000000000000000 (  27)                 .FILL x0000
(30DA) 0000  0000000000000000 (  30) TOTALBUFF       .FILL x0000
(30DB) E3F3  1110001111110011 (  30)                 LEA   R1 SoChuSo
(30DC) E12A  1110000100101010 (  31)                 LEA   R0 MESG1
(30DD) F022  1111000000100010 (  32)                 TRAP  x22
(30DE) F020  1111000000100000 (  33)                 TRAP  x20
(30DF) F021  1111000000100001 (  34)                 TRAP  x21
(30E0) 1430  0001010000110000 (  35)                 ADD   R2 R0 #-16
(30E1) 14B0  0001010010110000 (  36)                 ADD   R2 R2 #-16
(30E2) 14B0  0001010010110000 (  37)                 ADD   R2 R2 #-16
(30E3) 14BB  0001010010111011 (  39)                 ADD   R2 R2 #-5
(30E4) 0201  0000001000000001 (  40)                 BRP   AGAIN
(30E5) 0C0A  0000110000001010 (  41)                 BRNZ  Cont
(30E6) E130  1110000100110000 (  43) AGAIN           LEA   R0 MESG2
(30E7) F022  1111000000100010 (  44)                 TRAP  x22
(30E8) F020  1111000000100000 (  45)                 TRAP  x20
(30E9) F021  1111000000100001 (  46)                 TRAP  x21
(30EA) 1430  0001010000110000 (  47)                 ADD   R2 R0 #-16
(30EB) 14B0  0001010010110000 (  48)                 ADD   R2 R2 #-16
(30EC) 14B0  0001010010110000 (  49)                 ADD   R2 R2 #-16
(30ED) 14BB  0001010010111011 (  51)                 ADD   R2 R2 #-5
(30EE) 03F7  0000001111110111 (  52)                 BRP   AGAIN
(30EF) 0C00  0000110000000000 (  53)                 BRNZ  Cont
(30F0) 14A5  0001010010100101 (  55) Cont            ADD   R2 R2 #5
(30F1) 05F4  0000010111110100 (  56)                 BRZ   AGAIN
(30F2) 7440  0111010001000000 (  58)                 STR   R2 R1 #0
(30F3) 5260  0101001001100000 (  59)                 AND   R1 R1 #0
(30F4) 54A0  0101010010100000 (  60)                 AND   R2 R2 #0
(30F5) E134  1110000100110100 (  63)                 LEA   R0 MESG3
(30F6) F022  1111000000100010 (  64)                 TRAP  x22
(30F7) E145  1110000101000101 (  65)                 LEA   R0 MESG4
(30F8) F022  1111000000100010 (  66)                 TRAP  x22
(30F9) E159  1110000101011001 (  67)                 LEA   R0 MESG5
(30FA) F022  1111000000100010 (  68)                 TRAP  x22
(30FB) E185  1110000110000101 (  69)                 LEA   R0 MESG6
(30FC) F022  1111000000100010 (  70)                 TRAP  x22
(30FD) E1B1  1110000110110001 (  73)                 LEA   R0 MESG7
(30FE) F022  1111000000100010 (  74)                 TRAP  x22
(30FF) E1BF  1110000110111111 (  75)                 LEA   R0 MESG9
(3100) F022  1111000000100010 (  76)                 TRAP  x22
(3101) F023  1111000000100011 (  77)                 TRAP  x23
(3102) 1430  0001010000110000 (  78)                 ADD   R2 R0 #-16
(3103) 14B0  0001010010110000 (  79)                 ADD   R2 R2 #-16
(3104) 14B0  0001010010110000 (  80)                 ADD   R2 R2 #-16
(3105) 0802  0000100000000010 (  81)                 BRN   Nega
(3106) 0204  0000001000000100 (  82)                 BRP   EnterP
(3107) 05F7  0000010111110111 (  83)                 BRZ   x30FF
(3108) ECEA  1110110011101010 (  85) Nega            LEA   R6 SIGNBUFF
(3109) 7580  0111010110000000 (  86)                 STR   R2 R6 #0
(310A) 0E14  0000111000010100 (  87)                 BRNZP EnterN
(310B) 5020  0101000000100000 (  90) EnterP          AND   R0 R0 #0
(310C) 5260  0101001001100000 (  91)                 AND   R1 R1 #0
(310D) 5DA0  0101110110100000 (  92)                 AND   R6 R6 #0
(310E) 14AF  0001010010101111 (  94)                 ADD   R2 R2 #15
(310F) 14AF  0001010010101111 (  95)                 ADD   R2 R2 #15
(3110) 14AF  0001010010101111 (  96)                 ADD   R2 R2 #15
(3111) 14A3  0001010010100011 (  97)                 ADD   R2 R2 #3
(3112) E3BD  1110001110111101 (  99)                 LEA   R1 ASCIIBUFF
(3113) 7440  0111010001000000 ( 100)                 STR   R2 R1 #0
(3114) EDBA  1110110110111010 ( 102)                 LEA   R6 SoChuSo
(3115) 6B80  0110101110000000 ( 103)                 LDR   R5 R6 #0
(3116) 1B7F  0001101101111111 ( 104)                 ADD   R5 R5 #-1
(3117) 0421  0000010000100001 ( 105)                 BRZ   Count
(3118) F023  1111000000100011 ( 106)                 TRAP  x23
(3119) 1620  0001011000100000 ( 107)                 ADD   R3 R0 #0
(311A) 1261  0001001001100001 ( 108)                 ADD   R1 R1 #1
(311B) 7640  0111011001000000 ( 109)                 STR   R3 R1 #0
(311C) 1B7F  0001101101111111 ( 110)                 ADD   R5 R5 #-1
(311D) 03FA  0000001111111010 ( 111)                 BRP   x3118
(311E) 0E1A  0000111000011010 ( 112)                 BRNZP Count
(311F) 5020  0101000000100000 ( 114) EnterN          AND   R0 R0 #0
(3120) 5260  0101001001100000 ( 115)                 AND   R1 R1 #0
(3121) 5DA0  0101110110100000 ( 116)                 AND   R6 R6 #0
(3122) EDAC  1110110110101100 ( 118)                 LEA   R6 SoChuSo
(3123) 6B80  0110101110000000 ( 119)                 LDR   R5 R6 #0
(3124) E3AB  1110001110101011 ( 120)                 LEA   R1 ASCIIBUFF
(3125) 127F  0001001001111111 ( 121)                 ADD   R1 R1 #-1
(3126) E198  1110000110011000 ( 123)                 LEA   R0 MESG9
(3127) F022  1111000000100010 ( 124)                 TRAP  x22
(3128) F023  1111000000100011 ( 125)                 TRAP  x23
(3129) 1030  0001000000110000 ( 126)                 ADD   R0 R0 #-16
(312A) 1030  0001000000110000 ( 127)                 ADD   R0 R0 #-16
(312B) 1030  0001000000110000 ( 128)                 ADD   R0 R0 #-16
(312C) 05F9  0000010111111001 ( 129)                 BRZ   x3126
(312D) 102F  0001000000101111 ( 130)                 ADD   R0 R0 #15
(312E) 102F  0001000000101111 ( 131)                 ADD   R0 R0 #15
(312F) 102F  0001000000101111 ( 132)                 ADD   R0 R0 #15
(3130) 1023  0001000000100011 ( 133)                 ADD   R0 R0 #3
(3131) 0E01  0000111000000001 ( 134)                 BRNZP SKIP
(3132) F023  1111000000100011 ( 136)                 TRAP  x23
(3133) 1620  0001011000100000 ( 137) SKIP            ADD   R3 R0 #0
(3134) 1261  0001001001100001 ( 138)                 ADD   R1 R1 #1
(3135) 7640  0111011001000000 ( 139)                 STR   R3 R1 #0
(3136) 1B7F  0001101101111111 ( 140)                 ADD   R5 R5 #-1
(3137) 03FA  0000001111111010 ( 141)                 BRP   x3132
(3138) 0E00  0000111000000000 ( 142)                 BRNZP Count
(3139) E1A0  1110000110100000 ( 145) Count           LEA   R0 TOTALBUFF
(313A) E395  1110001110010101 ( 146)                 LEA   R1 ASCIIBUFF
(313B) E799  1110011110011001 ( 147)                 LEA   R3 DECIMALBUFF
(313C) 6440  0110010001000000 ( 148)                 LDR   R2 R1 #0
(313D) 6B80  0110101110000000 ( 149)                 LDR   R5 R6 #0
(313E) 197B  0001100101111011 ( 150)                 ADD   R4 R5 #-5
(313F) 0408  0000010000001000 ( 151)                 BRZ   FIVE
(3140) 197C  0001100101111100 ( 152)                 ADD   R4 R5 #-4
(3141) 0466  0000010001100110 ( 153)                 BRZ   FOUR
(3142) 197D  0001100101111101 ( 154)                 ADD   R4 R5 #-3
(3143) 04B0  0000010010110000 ( 155)                 BRZ   THREE
(3144) 197E  0001100101111110 ( 156)                 ADD   R4 R5 #-2
(3145) 04EA  0000010011101010 ( 157)                 BRZ   TWO
(3146) 197F  0001100101111111 ( 158)                 ADD   R4 R5 #-1
(3147) 04E2  0000010011100010 ( 159)                 BRZ   ONE
(3148) 14B0  0001010010110000 ( 162) FIVE            ADD   R2 R2 #-16
(3149) 14B0  0001010010110000 ( 163)                 ADD   R2 R2 #-16
(314A) 14B0  0001010010110000 ( 164)                 ADD   R2 R2 #-16
(314B) 0411  0000010000010001 ( 165)                 BRZ   Zero1
(314C) 5B60  0101101101100000 ( 167)                 AND   R5 R5 #0
(314D) 5DA0  0101110110100000 ( 168)                 AND   R6 R6 #0
(314E) 192A  0001100100101010 ( 169)                 ADD   R4 R4 #10
(314F) 1B6A  0001101101101010 ( 170)                 ADD   R5 R5 #10
(3150) 1D84  0001110110000100 ( 171)                 ADD   R6 R6 R4
(3151) 1B7F  0001101101111111 ( 172)                 ADD   R5 R5 #-1
(3152) 03FD  0000001111111101 ( 173)                 BRP   x3150
(3153) 1B46  0001101101000110 ( 175)                 ADD   R5 R5 R6
(3154) 19A0  0001100110100000 ( 176)                 ADD   R4 R6 #0
(3155) 5DA0  0101110110100000 ( 177)                 AND   R6 R6 #0
(3156) 1D84  0001110110000100 ( 178)                 ADD   R6 R6 R4
(3157) 1B7F  0001101101111111 ( 179)                 ADD   R5 R5 #-1
(3158) 03FD  0000001111111101 ( 180)                 BRP   x3156
(3159) 1B46  0001101101000110 ( 182)                 ADD   R5 R5 R6
(315A) 14BF  0001010010111111 ( 183)                 ADD   R2 R2 #-1
(315B) 03FD  0000001111111101 ( 184)                 BRP   x3159
(315C) 0E02  0000111000000010 ( 185)                 BRNZP NoZero1
(315D) 5B60  0101101101100000 ( 187) Zero1           AND   R5 R5 #0
(315E) 7AC0  0111101011000000 ( 188)                 STR   R5 R3 #0
(315F) 7AC0  0111101011000000 ( 189) NoZero1         STR   R5 R3 #0
(3160) 16E1  0001011011100001 ( 191)                 ADD   R3 R3 #1
(3161) 1261  0001001001100001 ( 192)                 ADD   R1 R1 #1
(3162) 6440  0110010001000000 ( 193)                 LDR   R2 R1 #0
(3163) 14B0  0001010010110000 ( 195)                 ADD   R2 R2 #-16
(3164) 14B0  0001010010110000 ( 196)                 ADD   R2 R2 #-16
(3165) 14B0  0001010010110000 ( 197)                 ADD   R2 R2 #-16
(3166) 040A  0000010000001010 ( 198)                 BRZ   Zero2
(3167) 5B60  0101101101100000 ( 200)                 AND   R5 R5 #0
(3168) 5DA0  0101110110100000 ( 201)                 AND   R6 R6 #0
(3169) 1B6A  0001101101101010 ( 202)                 ADD   R5 R5 #10
(316A) 1D84  0001110110000100 ( 203)                 ADD   R6 R6 R4
(316B) 1B7F  0001101101111111 ( 204)                 ADD   R5 R5 #-1
(316C) 03FD  0000001111111101 ( 205)                 BRP   x316A
(316D) 1B46  0001101101000110 ( 207)                 ADD   R5 R5 R6
(316E) 14BF  0001010010111111 ( 208)                 ADD   R2 R2 #-1
(316F) 03FD  0000001111111101 ( 209)                 BRP   x316D
(3170) 0E02  0000111000000010 ( 210)                 BRNZP NoZero2
(3171) 5B60  0101101101100000 ( 211) Zero2           AND   R5 R5 #0
(3172) 7AC0  0111101011000000 ( 212)                 STR   R5 R3 #0
(3173) 7AC0  0111101011000000 ( 213) NoZero2         STR   R5 R3 #0
(3174) 1261  0001001001100001 ( 215)                 ADD   R1 R1 #1
(3175) 16E1  0001011011100001 ( 216)                 ADD   R3 R3 #1
(3176) 6440  0110010001000000 ( 217)                 LDR   R2 R1 #0
(3177) 14B0  0001010010110000 ( 219)                 ADD   R2 R2 #-16
(3178) 14B0  0001010010110000 ( 220)                 ADD   R2 R2 #-16
(3179) 14B0  0001010010110000 ( 221)                 ADD   R2 R2 #-16
(317A) 0405  0000010000000101 ( 222)                 BRZ   Zero3
(317B) 5B60  0101101101100000 ( 224)                 AND   R5 R5 #0
(317C) 1B44  0001101101000100 ( 225)                 ADD   R5 R5 R4
(317D) 14BF  0001010010111111 ( 226)                 ADD   R2 R2 #-1
(317E) 03FD  0000001111111101 ( 227)                 BRP   x317C
(317F) 0E02  0000111000000010 ( 228)                 BRNZP NoZero3
(3180) 5B60  0101101101100000 ( 230) Zero3           AND   R5 R5 #0
(3181) 7AC0  0111101011000000 ( 231)                 STR   R5 R3 #0
(3182) 7AC0  0111101011000000 ( 232) NoZero3         STR   R5 R3 #0
(3183) 1261  0001001001100001 ( 234)                 ADD   R1 R1 #1
(3184) 16E1  0001011011100001 ( 235)                 ADD   R3 R3 #1
(3185) 6440  0110010001000000 ( 236)                 LDR   R2 R1 #0
(3186) 14B0  0001010010110000 ( 238)                 ADD   R2 R2 #-16
(3187) 14B0  0001010010110000 ( 239)                 ADD   R2 R2 #-16
(3188) 14B0  0001010010110000 ( 240)                 ADD   R2 R2 #-16
(3189) 0407  0000010000000111 ( 241)                 BRZ   Zero4
(318A) 5920  0101100100100000 ( 243)                 AND   R4 R4 #0
(318B) 5B60  0101101101100000 ( 244)                 AND   R5 R5 #0
(318C) 192A  0001100100101010 ( 245)                 ADD   R4 R4 #10
(318D) 1B44  0001101101000100 ( 246)                 ADD   R5 R5 R4
(318E) 14BF  0001010010111111 ( 247)                 ADD   R2 R2 #-1
(318F) 03FD  0000001111111101 ( 248)                 BRP   x318D
(3190) 0E02  0000111000000010 ( 249)                 BRNZP NoZero4
(3191) 5B60  0101101101100000 ( 251) Zero4           AND   R5 R5 #0
(3192) 7AC0  0111101011000000 ( 252)                 STR   R5 R3 #0
(3193) 7AC0  0111101011000000 ( 253) NoZero4         STR   R5 R3 #0
(3194) 1261  0001001001100001 ( 255)                 ADD   R1 R1 #1
(3195) 16E1  0001011011100001 ( 256)                 ADD   R3 R3 #1
(3196) 6440  0110010001000000 ( 257)                 LDR   R2 R1 #0
(3197) 14B0  0001010010110000 ( 259)                 ADD   R2 R2 #-16
(3198) 14B0  0001010010110000 ( 260)                 ADD   R2 R2 #-16
(3199) 14B0  0001010010110000 ( 261)                 ADD   R2 R2 #-16
(319A) 74C0  0111010011000000 ( 263)                 STR   R2 R3 #0
(319B) 5920  0101100100100000 ( 265)                 AND   R4 R4 #0
(319C) 5B60  0101101101100000 ( 266)                 AND   R5 R5 #0
(319D) 5DA0  0101110110100000 ( 267)                 AND   R6 R6 #0
(319E) 16FC  0001011011111100 ( 269)                 ADD   R3 R3 #-4
(319F) 1DA5  0001110110100101 ( 270)                 ADD   R6 R6 #5
(31A0) 16FF  0001011011111111 ( 271)                 ADD   R3 R3 #-1
(31A1) 16E1  0001011011100001 ( 272)                 ADD   R3 R3 #1
(31A2) 68C0  0110100011000000 ( 273)                 LDR   R4 R3 #0
(31A3) 1B44  0001101101000100 ( 274)                 ADD   R5 R5 R4
(31A4) 1DBF  0001110110111111 ( 275)                 ADD   R6 R6 #-1
(31A5) 03FB  0000001111111011 ( 276)                 BRP   x31A1
(31A6) 7A00  0111101000000000 ( 278)                 STR   R5 R0 #0
(31A7) 0EAB  0000111010101011 ( 279)                 BRNZP PRINT
(31A8) 5920  0101100100100000 ( 282) FOUR            AND   R4 R4 #0
(31A9) 5B60  0101101101100000 ( 283)                 AND   R5 R5 #0
(31AA) 5DA0  0101110110100000 ( 284)                 AND   R6 R6 #0
(31AB) 14B0  0001010010110000 ( 286)                 ADD   R2 R2 #-16
(31AC) 14B0  0001010010110000 ( 287)                 ADD   R2 R2 #-16
(31AD) 14B0  0001010010110000 ( 288)                 ADD   R2 R2 #-16
(31AE) 040C  0000010000001100 ( 289)                 BRZ   Zero5
(31AF) 192A  0001100100101010 ( 291)                 ADD   R4 R4 #10
(31B0) 1B6A  0001101101101010 ( 292)                 ADD   R5 R5 #10
(31B1) 1D84  0001110110000100 ( 293)                 ADD   R6 R6 R4
(31B2) 1B7F  0001101101111111 ( 294)                 ADD   R5 R5 #-1
(31B3) 03FD  0000001111111101 ( 295)                 BRP   x31B1
(31B4) 1B46  0001101101000110 ( 297)                 ADD   R5 R5 R6
(31B5) 193F  0001100100111111 ( 298)                 ADD   R4 R4 #-1
(31B6) 03FD  0000001111111101 ( 299)                 BRP   x31B4
(31B7) 1905  0001100100000101 ( 301)                 ADD   R4 R4 R5
(31B8) 14BF  0001010010111111 ( 302)                 ADD   R2 R2 #-1
(31B9) 03FD  0000001111111101 ( 303)                 BRP   x31B7
(31BA) 0E02  0000111000000010 ( 304)                 BRNZP NoZero5
(31BB) 5B60  0101101101100000 ( 306) Zero5           AND   R5 R5 #0
(31BC) 7AC0  0111101011000000 ( 307)                 STR   R5 R3 #0
(31BD) 78C0  0111100011000000 ( 308) NoZero5         STR   R4 R3 #0
(31BE) 1261  0001001001100001 ( 310)                 ADD   R1 R1 #1
(31BF) 16E1  0001011011100001 ( 311)                 ADD   R3 R3 #1
(31C0) 6440  0110010001000000 ( 312)                 LDR   R2 R1 #0
(31C1) 5B60  0101101101100000 ( 313)                 AND   R5 R5 #0
(31C2) 14B0  0001010010110000 ( 315)                 ADD   R2 R2 #-16
(31C3) 14B0  0001010010110000 ( 316)                 ADD   R2 R2 #-16
(31C4) 14B0  0001010010110000 ( 317)                 ADD   R2 R2 #-16
(31C5) 0404  0000010000000100 ( 318)                 BRZ   Zero6
(31C6) 1B46  0001101101000110 ( 320)                 ADD   R5 R5 R6
(31C7) 14BF  0001010010111111 ( 321)                 ADD   R2 R2 #-1
(31C8) 03FD  0000001111111101 ( 322)                 BRP   x31C6
(31C9) 0E02  0000111000000010 ( 323)                 BRNZP NoZero6
(31CA) 5B60  0101101101100000 ( 325) Zero6           AND   R5 R5 #0
(31CB) 7AC0  0111101011000000 ( 326)                 STR   R5 R3 #0
(31CC) 7AC0  0111101011000000 ( 327) NoZero6         STR   R5 R3 #0
(31CD) 1261  0001001001100001 ( 329)                 ADD   R1 R1 #1
(31CE) 16E1  0001011011100001 ( 330)                 ADD   R3 R3 #1
(31CF) 6440  0110010001000000 ( 331)                 LDR   R2 R1 #0
(31D0) 5B60  0101101101100000 ( 332)                 AND   R5 R5 #0
(31D1) 14B0  0001010010110000 ( 334)                 ADD   R2 R2 #-16
(31D2) 14B0  0001010010110000 ( 335)                 ADD   R2 R2 #-16
(31D3) 14B0  0001010010110000 ( 336)                 ADD   R2 R2 #-16
(31D4) 0407  0000010000000111 ( 337)                 BRZ   Zero7
(31D5) 5920  0101100100100000 ( 339)                 AND   R4 R4 #0
(31D6) 5B60  0101101101100000 ( 340)                 AND   R5 R5 #0
(31D7) 192A  0001100100101010 ( 341)                 ADD   R4 R4 #10
(31D8) 1B44  0001101101000100 ( 342)                 ADD   R5 R5 R4
(31D9) 14BF  0001010010111111 ( 343)                 ADD   R2 R2 #-1
(31DA) 03FD  0000001111111101 ( 344)                 BRP   x31D8
(31DB) 0E02  0000111000000010 ( 345)                 BRNZP NoZero7
(31DC) 5B60  0101101101100000 ( 347) Zero7           AND   R5 R5 #0
(31DD) 7AC0  0111101011000000 ( 348)                 STR   R5 R3 #0
(31DE) 7AC0  0111101011000000 ( 349) NoZero7         STR   R5 R3 #0
(31DF) 1261  0001001001100001 ( 351)                 ADD   R1 R1 #1
(31E0) 16E1  0001011011100001 ( 352)                 ADD   R3 R3 #1
(31E1) 6440  0110010001000000 ( 353)                 LDR   R2 R1 #0
(31E2) 14B0  0001010010110000 ( 355)                 ADD   R2 R2 #-16
(31E3) 14B0  0001010010110000 ( 356)                 ADD   R2 R2 #-16
(31E4) 14B0  0001010010110000 ( 357)                 ADD   R2 R2 #-16
(31E5) 74C0  0111010011000000 ( 359)                 STR   R2 R3 #0
(31E6) 5920  0101100100100000 ( 361)                 AND   R4 R4 #0
(31E7) 5B60  0101101101100000 ( 362)                 AND   R5 R5 #0
(31E8) 5DA0  0101110110100000 ( 363)                 AND   R6 R6 #0
(31E9) 16FD  0001011011111101 ( 365)                 ADD   R3 R3 #-3
(31EA) 1DA4  0001110110100100 ( 366)                 ADD   R6 R6 #4
(31EB) 16FF  0001011011111111 ( 367)                 ADD   R3 R3 #-1
(31EC) 16E1  0001011011100001 ( 368)                 ADD   R3 R3 #1
(31ED) 68C0  0110100011000000 ( 369)                 LDR   R4 R3 #0
(31EE) 1B44  0001101101000100 ( 370)                 ADD   R5 R5 R4
(31EF) 1DBF  0001110110111111 ( 371)                 ADD   R6 R6 #-1
(31F0) 03FB  0000001111111011 ( 372)                 BRP   x31EC
(31F1) 7A00  0111101000000000 ( 374)                 STR   R5 R0 #0
(31F2) 0E60  0000111001100000 ( 375)                 BRNZP PRINT
(31F3) 0000  0000000000000000 ( 379) SIGNBUFF        .FILL x0000
(31F4) 5920  0101100100100000 ( 379) THREE           AND   R4 R4 #0
(31F5) 5B60  0101101101100000 ( 380)                 AND   R5 R5 #0
(31F6) 5DA0  0101110110100000 ( 381)                 AND   R6 R6 #0
(31F7) 14B0  0001010010110000 ( 383)                 ADD   R2 R2 #-16
(31F8) 14B0  0001010010110000 ( 384)                 ADD   R2 R2 #-16
(31F9) 14B0  0001010010110000 ( 385)                 ADD   R2 R2 #-16
(31FA) 0409  0000010000001001 ( 386)                 BRZ   Zero8
(31FB) 192A  0001100100101010 ( 388)                 ADD   R4 R4 #10
(31FC) 1B6A  0001101101101010 ( 389)                 ADD   R5 R5 #10
(31FD) 1D84  0001110110000100 ( 390)                 ADD   R6 R6 R4
(31FE) 1B7F  0001101101111111 ( 391)                 ADD   R5 R5 #-1
(31FF) 03FD  0000001111111101 ( 392)                 BRP   x31FD
(3200) 1B46  0001101101000110 ( 394)                 ADD   R5 R5 R6
(3201) 14BF  0001010010111111 ( 395)                 ADD   R2 R2 #-1
(3202) 03FD  0000001111111101 ( 396)                 BRP   x3200
(3203) 0E02  0000111000000010 ( 397)                 BRNZP NoZero8
(3204) 5B60  0101101101100000 ( 399) Zero8           AND   R5 R5 #0
(3205) 7AC0  0111101011000000 ( 400)                 STR   R5 R3 #0
(3206) 7AC0  0111101011000000 ( 401) NoZero8         STR   R5 R3 #0
(3207) 1261  0001001001100001 ( 403)                 ADD   R1 R1 #1
(3208) 16E1  0001011011100001 ( 404)                 ADD   R3 R3 #1
(3209) 6440  0110010001000000 ( 405)                 LDR   R2 R1 #0
(320A) 14B0  0001010010110000 ( 407)                 ADD   R2 R2 #-16
(320B) 14B0  0001010010110000 ( 408)                 ADD   R2 R2 #-16
(320C) 14B0  0001010010110000 ( 409)                 ADD   R2 R2 #-16
(320D) 0405  0000010000000101 ( 410)                 BRZ   Zero9
(320E) 5B60  0101101101100000 ( 412)                 AND   R5 R5 #0
(320F) 1B44  0001101101000100 ( 413)                 ADD   R5 R5 R4
(3210) 14BF  0001010010111111 ( 414)                 ADD   R2 R2 #-1
(3211) 03FD  0000001111111101 ( 415)                 BRP   x320F
(3212) 0E02  0000111000000010 ( 416)                 BRNZP NoZero9
(3213) 5B60  0101101101100000 ( 418) Zero9           AND   R5 R5 #0
(3214) 7AC0  0111101011000000 ( 419)                 STR   R5 R3 #0
(3215) 7AC0  0111101011000000 ( 420) NoZero9         STR   R5 R3 #0
(3216) 1261  0001001001100001 ( 422)                 ADD   R1 R1 #1
(3217) 16E1  0001011011100001 ( 423)                 ADD   R3 R3 #1
(3218) 6440  0110010001000000 ( 424)                 LDR   R2 R1 #0
(3219) 14B0  0001010010110000 ( 426)                 ADD   R2 R2 #-16
(321A) 14B0  0001010010110000 ( 427)                 ADD   R2 R2 #-16
(321B) 14B0  0001010010110000 ( 428)                 ADD   R2 R2 #-16
(321C) 74C0  0111010011000000 ( 430)                 STR   R2 R3 #0
(321D) 5920  0101100100100000 ( 432)                 AND   R4 R4 #0
(321E) 5B60  0101101101100000 ( 433)                 AND   R5 R5 #0
(321F) 5DA0  0101110110100000 ( 434)                 AND   R6 R6 #0
(3220) 16FE  0001011011111110 ( 436)                 ADD   R3 R3 #-2
(3221) 1DA3  0001110110100011 ( 437)                 ADD   R6 R6 #3
(3222) 16FF  0001011011111111 ( 438)                 ADD   R3 R3 #-1
(3223) 16E1  0001011011100001 ( 439)                 ADD   R3 R3 #1
(3224) 68C0  0110100011000000 ( 440)                 LDR   R4 R3 #0
(3225) 1B44  0001101101000100 ( 441)                 ADD   R5 R5 R4
(3226) 1DBF  0001110110111111 ( 442)                 ADD   R6 R6 #-1
(3227) 03FB  0000001111111011 ( 443)                 BRP   x3223
(3228) 7A00  0111101000000000 ( 445)                 STR   R5 R0 #0
(3229) 0E29  0000111000101001 ( 446)                 BRNZP PRINT
(322A) 1AB0  0001101010110000 ( 449) ONE             ADD   R5 R2 #-16
(322B) 1B70  0001101101110000 ( 450)                 ADD   R5 R5 #-16
(322C) 1B70  0001101101110000 ( 451)                 ADD   R5 R5 #-16
(322D) 7AC0  0111101011000000 ( 453)                 STR   R5 R3 #0
(322E) 7A00  0111101000000000 ( 454)                 STR   R5 R0 #0
(322F) 0E23  0000111000100011 ( 455)                 BRNZP PRINT
(3230) 5920  0101100100100000 ( 458) TWO             AND   R4 R4 #0
(3231) 5B60  0101101101100000 ( 459)                 AND   R5 R5 #0
(3232) 5DA0  0101110110100000 ( 460)                 AND   R6 R6 #0
(3233) 14B0  0001010010110000 ( 462)                 ADD   R2 R2 #-16
(3234) 14B0  0001010010110000 ( 463)                 ADD   R2 R2 #-16
(3235) 14B0  0001010010110000 ( 464)                 ADD   R2 R2 #-16
(3236) 0405  0000010000000101 ( 465)                 BRZ   ZeroA
(3237) 192A  0001100100101010 ( 467)                 ADD   R4 R4 #10
(3238) 1B44  0001101101000100 ( 468)                 ADD   R5 R5 R4
(3239) 14BF  0001010010111111 ( 469)                 ADD   R2 R2 #-1
(323A) 03FD  0000001111111101 ( 470)                 BRP   x3238
(323B) 0E02  0000111000000010 ( 471)                 BRNZP NoZeroA
(323C) 5B60  0101101101100000 ( 473) ZeroA           AND   R5 R5 #0
(323D) 7AC0  0111101011000000 ( 474)                 STR   R5 R3 #0
(323E) 7AC0  0111101011000000 ( 475) NoZeroA         STR   R5 R3 #0
(323F) 1261  0001001001100001 ( 477)                 ADD   R1 R1 #1
(3240) 16E1  0001011011100001 ( 478)                 ADD   R3 R3 #1
(3241) 6440  0110010001000000 ( 479)                 LDR   R2 R1 #0
(3242) 14B0  0001010010110000 ( 481)                 ADD   R2 R2 #-16
(3243) 14B0  0001010010110000 ( 482)                 ADD   R2 R2 #-16
(3244) 14B0  0001010010110000 ( 483)                 ADD   R2 R2 #-16
(3245) 74C0  0111010011000000 ( 485)                 STR   R2 R3 #0
(3246) 5920  0101100100100000 ( 487)                 AND   R4 R4 #0
(3247) 5B60  0101101101100000 ( 488)                 AND   R5 R5 #0
(3248) 5DA0  0101110110100000 ( 489)                 AND   R6 R6 #0
(3249) 16FF  0001011011111111 ( 491)                 ADD   R3 R3 #-1
(324A) 1DA2  0001110110100010 ( 492)                 ADD   R6 R6 #2
(324B) 16FF  0001011011111111 ( 493)                 ADD   R3 R3 #-1
(324C) 16E1  0001011011100001 ( 494)                 ADD   R3 R3 #1
(324D) 68C0  0110100011000000 ( 495)                 LDR   R4 R3 #0
(324E) 1B44  0001101101000100 ( 496)                 ADD   R5 R5 R4
(324F) 1DBF  0001110110111111 ( 497)                 ADD   R6 R6 #-1
(3250) 03FB  0000001111111011 ( 498)                 BRP   x324C
(3251) 7A00  0111101000000000 ( 500)                 STR   R5 R0 #0
(3252) 0E00  0000111000000000 ( 501)                 BRNZP PRINT
(3253) 5020  0101000000100000 ( 504) PRINT           AND   R0 R0 #0
(3254) 5260  0101001001100000 ( 505)                 AND   R1 R1 #0
(3255) 54A0  0101010010100000 ( 506)                 AND   R2 R2 #0
(3256) 56E0  0101011011100000 ( 507)                 AND   R3 R3 #0
(3257) 5920  0101100100100000 ( 508)                 AND   R4 R4 #0
(3258) 5DA0  0101110110100000 ( 509)                 AND   R6 R6 #0
(3259) E047  1110000001000111 ( 510)                 LEA   R0 MESG8
(325A) F022  1111000000100010 ( 511)                 TRAP  x22
(325B) E197  1110000110010111 ( 514)                 LEA   R0 SIGNBUFF
(325C) 6200  0110001000000000 ( 515)                 LDR   R1 R0 #0
(325D) 106F  0001000001101111 ( 516)                 ADD   R0 R1 #15
(325E) 102F  0001000000101111 ( 517)                 ADD   R0 R0 #15
(325F) 102F  0001000000101111 ( 518)                 ADD   R0 R0 #15
(3260) 1023  0001000000100011 ( 519)                 ADD   R0 R0 #3
(3261) F021  1111000000100001 ( 520)                 TRAP  x21
(3262) 224F  0010001001001111 ( 523)                 LD    R1 TenThousand
(3263) 927F  1001001001111111 ( 524)                 NOT   R1 R1
(3264) 1261  0001001001100001 ( 525)                 ADD   R1 R1 #1
(3265) 14A1  0001010010100001 ( 526)                 ADD   R2 R2 #1
(3266) 1B41  0001101101000001 ( 527)                 ADD   R5 R5 R1
(3267) 07FD  0000011111111101 ( 528)                 BRZP  x3265
(3268) 10AF  0001000010101111 ( 529)                 ADD   R0 R2 #15
(3269) 102F  0001000000101111 ( 530)                 ADD   R0 R0 #15
(326A) 102F  0001000000101111 ( 531)                 ADD   R0 R0 #15
(326B) 1022  0001000000100010 ( 532)                 ADD   R0 R0 #2
(326C) F021  1111000000100001 ( 533)                 TRAP  x21
(326D) 127F  0001001001111111 ( 534)                 ADD   R1 R1 #-1
(326E) 927F  1001001001111111 ( 535)                 NOT   R1 R1
(326F) 1B41  0001101101000001 ( 536)                 ADD   R5 R5 R1
(3270) 2242  0010001001000010 ( 539)                 LD    R1 Thousand
(3271) 927F  1001001001111111 ( 540)                 NOT   R1 R1
(3272) 1261  0001001001100001 ( 541)                 ADD   R1 R1 #1
(3273) 16E1  0001011011100001 ( 542)                 ADD   R3 R3 #1
(3274) 1B41  0001101101000001 ( 543)                 ADD   R5 R5 R1
(3275) 07FD  0000011111111101 ( 544)                 BRZP  x3273
(3276) 10EF  0001000011101111 ( 545)                 ADD   R0 R3 #15
(3277) 102F  0001000000101111 ( 546)                 ADD   R0 R0 #15
(3278) 102F  0001000000101111 ( 547)                 ADD   R0 R0 #15
(3279) 1022  0001000000100010 ( 548)                 ADD   R0 R0 #2
(327A) F021  1111000000100001 ( 549)                 TRAP  x21
(327B) 127F  0001001001111111 ( 550)                 ADD   R1 R1 #-1
(327C) 927F  1001001001111111 ( 551)                 NOT   R1 R1
(327D) 1B41  0001101101000001 ( 552)                 ADD   R5 R5 R1
(327E) 2235  0010001000110101 ( 555)                 LD    R1 Hundred
(327F) 927F  1001001001111111 ( 556)                 NOT   R1 R1
(3280) 1261  0001001001100001 ( 557)                 ADD   R1 R1 #1
(3281) 1921  0001100100100001 ( 558)                 ADD   R4 R4 #1
(3282) 1B41  0001101101000001 ( 559)                 ADD   R5 R5 R1
(3283) 07FD  0000011111111101 ( 560)                 BRZP  x3281
(3284) 112F  0001000100101111 ( 561)                 ADD   R0 R4 #15
(3285) 102F  0001000000101111 ( 562)                 ADD   R0 R0 #15
(3286) 102F  0001000000101111 ( 563)                 ADD   R0 R0 #15
(3287) 1022  0001000000100010 ( 564)                 ADD   R0 R0 #2
(3288) F021  1111000000100001 ( 565)                 TRAP  x21
(3289) 127F  0001001001111111 ( 566)                 ADD   R1 R1 #-1
(328A) 927F  1001001001111111 ( 567)                 NOT   R1 R1
(328B) 1B41  0001101101000001 ( 568)                 ADD   R5 R5 R1
(328C) 2228  0010001000101000 ( 571)                 LD    R1 Dozen
(328D) 927F  1001001001111111 ( 572)                 NOT   R1 R1
(328E) 1261  0001001001100001 ( 573)                 ADD   R1 R1 #1
(328F) 1DA1  0001110110100001 ( 574)                 ADD   R6 R6 #1
(3290) 1B41  0001101101000001 ( 575)                 ADD   R5 R5 R1
(3291) 07FD  0000011111111101 ( 576)                 BRZP  x328F
(3292) 11AF  0001000110101111 ( 577)                 ADD   R0 R6 #15
(3293) 102F  0001000000101111 ( 578)                 ADD   R0 R0 #15
(3294) 102F  0001000000101111 ( 579)                 ADD   R0 R0 #15
(3295) 1022  0001000000100010 ( 580)                 ADD   R0 R0 #2
(3296) F021  1111000000100001 ( 581)                 TRAP  x21
(3297) 127F  0001001001111111 ( 582)                 ADD   R1 R1 #-1
(3298) 927F  1001001001111111 ( 583)                 NOT   R1 R1
(3299) 1B41  0001101101000001 ( 584)                 ADD   R5 R5 R1
(329A) 116F  0001000101101111 ( 587)                 ADD   R0 R5 #15
(329B) 102F  0001000000101111 ( 588)                 ADD   R0 R0 #15
(329C) 102F  0001000000101111 ( 589)                 ADD   R0 R0 #15
(329D) 1023  0001000000100011 ( 590)                 ADD   R0 R0 #3
(329E) F021  1111000000100001 ( 591)                 TRAP  x21
(329F) F025  1111000000100101 ( 592)                 TRAP  x25
(32A0) 0000  0000000000000000 ( 595) TOTALBUFF2      .FILL x0000
(32A1) 000A  0000000000001010 ( 595) MESG8           .FILL x000A
(32A2) 0053  0000000001010011 ( 595)                 .FILL x0053
(32A3) 006F  0000000001101111 ( 595)                 .FILL x006F
(32A4) 0020  0000000000100000 ( 595)                 .FILL x0020
(32A5) 0064  0000000001100100 ( 595)                 .FILL x0064
(32A6) 0061  0000000001100001 ( 595)                 .FILL x0061
(32A7) 0020  0000000000100000 ( 595)                 .FILL x0020
(32A8) 006E  0000000001101110 ( 595)                 .FILL x006E
(32A9) 0068  0000000001101000 ( 595)                 .FILL x0068
(32AA) 0061  0000000001100001 ( 595)                 .FILL x0061
(32AB) 0070  0000000001110000 ( 595)                 .FILL x0070
(32AC) 0020  0000000000100000 ( 595)                 .FILL x0020
(32AD) 006C  0000000001101100 ( 595)                 .FILL x006C
(32AE) 0061  0000000001100001 ( 595)                 .FILL x0061
(32AF) 003A  0000000000111010 ( 595)                 .FILL x003A
(32B0) 0020  0000000000100000 ( 595)                 .FILL x0020
(32B1) 0000  0000000000000000 ( 595)                 .FILL x0000
(32B2) 2710  0010011100010000 ( 596) TenThousand     .FILL x2710
(32B3) 03E8  0000001111101000 ( 597) Thousand        .FILL x03E8
(32B4) 0064  0000000001100100 ( 598) Hundred         .FILL x0064
(32B5) 000A  0000000000001010 ( 599) Dozen           .FILL x000A
